-------------------------------------------------------------------------------
Test set: com.backend.app.libreria.SpringbootServiceLibroApplicationTests
-------------------------------------------------------------------------------
Tests run: 1, Failures: 0, Errors: 1, Skipped: 0, Time elapsed: 4.827 s <<< FAILURE! - in com.backend.app.libreria.SpringbootServiceLibroApplicationTests
contextLoads  Time elapsed: 0.02 s  <<< ERROR!
org.springframework.beans.factory.UnsatisfiedDependencyException: Error creating bean with name 'com.backend.app.libreria.SpringbootServiceLibroApplicationTests': Unsatisfied dependency expressed through field 'libroRepository'; nested exception is org.springframework.beans.factory.NoSuchBeanDefinitionException: No qualifying bean of type 'org.springframework.data.repository.CrudRepository<?, ?>' available: expected at least 1 bean which qualifies as autowire candidate. Dependency annotations: {@org.springframework.beans.factory.annotation.Autowired(required=true)}
Caused by: org.springframework.beans.factory.NoSuchBeanDefinitionException: No qualifying bean of type 'org.springframework.data.repository.CrudRepository<?, ?>' available: expected at least 1 bean which qualifies as autowire candidate. Dependency annotations: {@org.springframework.beans.factory.annotation.Autowired(required=true)}

